#! /usr/bin/vvp
:ivl_version "11.0 (stable)";
:ivl_delay_selection "TYPICAL";
:vpi_time_precision + 0;
:vpi_module "/usr/lib/x86_64-linux-gnu/ivl/system.vpi";
:vpi_module "/usr/lib/x86_64-linux-gnu/ivl/vhdl_sys.vpi";
:vpi_module "/usr/lib/x86_64-linux-gnu/ivl/vhdl_textio.vpi";
:vpi_module "/usr/lib/x86_64-linux-gnu/ivl/v2005_math.vpi";
:vpi_module "/usr/lib/x86_64-linux-gnu/ivl/va_math.vpi";
S_0x64e9d81a73d0 .scope module, "receptorMDIO" "receptorMDIO" 2 20;
 .timescale 0 0;
    .port_info 0 /INPUT 1 "MDC";
    .port_info 1 /INPUT 1 "reset";
    .port_info 2 /INPUT 1 "MDIO_OUT";
    .port_info 3 /INPUT 1 "MDIO_OE";
    .port_info 4 /INPUT 16 "RD_DATA";
    .port_info 5 /OUTPUT 1 "MDIO_IN";
    .port_info 6 /OUTPUT 5 "ADDR";
    .port_info 7 /OUTPUT 16 "WR_DATA";
    .port_info 8 /OUTPUT 1 "MDIO_DONE";
    .port_info 9 /OUTPUT 1 "WR_STB";
P_0x64e9d81a7560 .param/l "DONE" 1 2 43, C4<011>;
P_0x64e9d81a75a0 .param/l "IDLE" 1 2 40, C4<000>;
P_0x64e9d81a75e0 .param/l "READ" 1 2 45, C4<101>;
P_0x64e9d81a7620 .param/l "RECEIVE" 1 2 42, C4<010>;
P_0x64e9d81a7660 .param/l "RESET" 1 2 41, C4<001>;
P_0x64e9d81a76a0 .param/l "WRITE" 1 2 44, C4<100>;
v0x64e9d81a7ab0_0 .var "ADDR", 0 4;
o0x77ded365c048 .functor BUFZ 1, C4<z>; HiZ drive
v0x64e9d81d2100_0 .net "MDC", 0 0, o0x77ded365c048;  0 drivers
v0x64e9d81d21c0_0 .var "MDIO_DONE", 0 0;
v0x64e9d81d2260_0 .var "MDIO_IN", 0 0;
o0x77ded365c0d8 .functor BUFZ 1, C4<z>; HiZ drive
v0x64e9d81d2320_0 .net "MDIO_OE", 0 0, o0x77ded365c0d8;  0 drivers
o0x77ded365c108 .functor BUFZ 1, C4<z>; HiZ drive
v0x64e9d81d2430_0 .net "MDIO_OUT", 0 0, o0x77ded365c108;  0 drivers
o0x77ded365c138 .functor BUFZ 16, C4<zzzzzzzzzzzzzzzz>; HiZ drive
v0x64e9d81d24f0_0 .net "RD_DATA", 0 15, o0x77ded365c138;  0 drivers
v0x64e9d81d25d0_0 .var "WR_DATA", 0 15;
v0x64e9d81d26b0_0 .var "WR_STB", 0 0;
v0x64e9d81d2770_0 .var "bit_count", 4 0;
v0x64e9d81d2850_0 .var "next_state", 2 0;
o0x77ded365c228 .functor BUFZ 1, C4<z>; HiZ drive
v0x64e9d81d2930_0 .net "reset", 0 0, o0x77ded365c228;  0 drivers
v0x64e9d81d29f0_0 .var "shift_reg", 31 0;
E_0x64e9d817e480 .event posedge, v0x64e9d81d2930_0, v0x64e9d81d2100_0;
    .scope S_0x64e9d81a73d0;
T_0 ;
    %wait E_0x64e9d817e480;
    %load/vec4 v0x64e9d81d2930_0;
    %flag_set/vec4 8;
    %jmp/0xz  T_0.0, 8;
    %pushi/vec4 0, 0, 5;
    %assign/vec4 v0x64e9d81d2770_0, 0;
    %pushi/vec4 0, 0, 32;
    %assign/vec4 v0x64e9d81d29f0_0, 0;
    %pushi/vec4 0, 0, 1;
    %assign/vec4 v0x64e9d81d21c0_0, 0;
    %pushi/vec4 0, 0, 1;
    %assign/vec4 v0x64e9d81d2260_0, 0;
    %pushi/vec4 0, 0, 1;
    %assign/vec4 v0x64e9d81d26b0_0, 0;
    %pushi/vec4 0, 0, 5;
    %assign/vec4 v0x64e9d81a7ab0_0, 0;
    %pushi/vec4 0, 0, 16;
    %assign/vec4 v0x64e9d81d25d0_0, 0;
    %pushi/vec4 0, 0, 3;
    %assign/vec4 v0x64e9d81d2850_0, 0;
    %jmp T_0.1;
T_0.0 ;
    %load/vec4 v0x64e9d81d2850_0;
    %dup/vec4;
    %pushi/vec4 0, 0, 3;
    %cmp/u;
    %jmp/1 T_0.2, 6;
    %dup/vec4;
    %pushi/vec4 2, 0, 3;
    %cmp/u;
    %jmp/1 T_0.3, 6;
    %dup/vec4;
    %pushi/vec4 3, 0, 3;
    %cmp/u;
    %jmp/1 T_0.4, 6;
    %dup/vec4;
    %pushi/vec4 4, 0, 3;
    %cmp/u;
    %jmp/1 T_0.5, 6;
    %dup/vec4;
    %pushi/vec4 5, 0, 3;
    %cmp/u;
    %jmp/1 T_0.6, 6;
    %pushi/vec4 0, 0, 3;
    %assign/vec4 v0x64e9d81d2850_0, 0;
    %jmp T_0.8;
T_0.2 ;
    %pushi/vec4 0, 0, 1;
    %assign/vec4 v0x64e9d81d21c0_0, 0;
    %pushi/vec4 0, 0, 1;
    %assign/vec4 v0x64e9d81d26b0_0, 0;
    %load/vec4 v0x64e9d81d2320_0;
    %flag_set/vec4 8;
    %jmp/0xz  T_0.9, 8;
    %pushi/vec4 2, 0, 3;
    %assign/vec4 v0x64e9d81d2850_0, 0;
T_0.9 ;
    %jmp T_0.8;
T_0.3 ;
    %load/vec4 v0x64e9d81d2320_0;
    %flag_set/vec4 8;
    %jmp/0xz  T_0.11, 8;
    %load/vec4 v0x64e9d81d29f0_0;
    %parti/s 31, 0, 2;
    %load/vec4 v0x64e9d81d2430_0;
    %concat/vec4; draw_concat_vec4
    %assign/vec4 v0x64e9d81d29f0_0, 0;
    %load/vec4 v0x64e9d81d2770_0;
    %addi 1, 0, 5;
    %assign/vec4 v0x64e9d81d2770_0, 0;
    %load/vec4 v0x64e9d81d2770_0;
    %pad/u 32;
    %cmpi/e 31, 0, 32;
    %jmp/0xz  T_0.13, 4;
    %pushi/vec4 3, 0, 3;
    %assign/vec4 v0x64e9d81d2850_0, 0;
T_0.13 ;
T_0.11 ;
    %jmp T_0.8;
T_0.4 ;
    %pushi/vec4 1, 0, 1;
    %assign/vec4 v0x64e9d81d21c0_0, 0;
    %load/vec4 v0x64e9d81d29f0_0;
    %parti/s 5, 23, 6;
    %assign/vec4 v0x64e9d81a7ab0_0, 0;
    %load/vec4 v0x64e9d81d29f0_0;
    %parti/s 3, 28, 6;
    %cmpi/e 2, 0, 3;
    %jmp/0xz  T_0.15, 4;
    %pushi/vec4 4, 0, 3;
    %assign/vec4 v0x64e9d81d2850_0, 0;
    %jmp T_0.16;
T_0.15 ;
    %load/vec4 v0x64e9d81d29f0_0;
    %parti/s 3, 28, 6;
    %cmpi/e 3, 0, 3;
    %jmp/0xz  T_0.17, 4;
    %pushi/vec4 5, 0, 3;
    %assign/vec4 v0x64e9d81d2850_0, 0;
    %jmp T_0.18;
T_0.17 ;
    %pushi/vec4 0, 0, 3;
    %assign/vec4 v0x64e9d81d2850_0, 0;
T_0.18 ;
T_0.16 ;
    %jmp T_0.8;
T_0.5 ;
    %load/vec4 v0x64e9d81d29f0_0;
    %parti/s 16, 0, 2;
    %assign/vec4 v0x64e9d81d25d0_0, 0;
    %pushi/vec4 1, 0, 1;
    %assign/vec4 v0x64e9d81d26b0_0, 0;
    %pushi/vec4 0, 0, 3;
    %assign/vec4 v0x64e9d81d2850_0, 0;
    %jmp T_0.8;
T_0.6 ;
    %load/vec4 v0x64e9d81d24f0_0;
    %pad/u 1;
    %assign/vec4 v0x64e9d81d2260_0, 0;
    %pushi/vec4 0, 0, 3;
    %assign/vec4 v0x64e9d81d2850_0, 0;
    %jmp T_0.8;
T_0.8 ;
    %pop/vec4 1;
T_0.1 ;
    %jmp T_0;
    .thread T_0;
# The file index is used to find the file name in the following table.
:file_names 3;
    "N/A";
    "<interactive>";
    "receptorMDIO.v";
